...found 16 targets...
...updating 1 target...
qcc.link bin.v2/libs/regex/build/qcc/debug/architecture-x86/target-os-qnxnto/has_icu
bin.v2/libs/regex/build/qcc/debug/architecture-x86/target-os-qnxnto/has_icu_test.o: In function `main':
/Users/lawrence.gunn/Documents/Boost/libs/regex/build/has_icu_test.cpp:24: undefined reference to `u_charFromName'
cc: /Applications/bbndk/host_10_1_0_1/darwin/x86/usr/bin/ntox86-ld error 1

    "$QNX_HOST/usr/bin/QCC" "-Vgcc_ntox86_gpp"    -o "bin.v2/libs/regex/build/qcc/debug/architecture-x86/target-os-qnxnto/has_icu" "bin.v2/libs/regex/build/qcc/debug/architecture-x86/target-os-qnxnto/has_icu_test.o"   -lm -gstabs+ -L$QNX_TARGET/x86/usr/lib -L$QNX_TARGET/x86/lib

...failed qcc.link bin.v2/libs/regex/build/qcc/debug/architecture-x86/target-os-qnxnto/has_icu...
...failed updating 1 target...
...found 11 targets...
...updating 1 target...
qcc.link bin.v2/libs/locale/build/qcc/debug/architecture-x86/target-os-qnxnto/has_iconv
bin.v2/libs/locale/build/qcc/debug/architecture-x86/target-os-qnxnto/has_iconv_libc_obj.o: In function `main':
/Users/lawrence.gunn/Documents/Boost/libs/locale/src/../build/has_iconv.cpp:12: undefined reference to `libiconv_open'
cc: /Applications/bbndk/host_10_1_0_1/darwin/x86/usr/bin/ntox86-ld error 1

    "$QNX_HOST/usr/bin/QCC" "-Vgcc_ntox86_gpp"    -o "bin.v2/libs/locale/build/qcc/debug/architecture-x86/target-os-qnxnto/has_iconv" "bin.v2/libs/locale/build/qcc/debug/architecture-x86/target-os-qnxnto/has_iconv_libc_obj.o"   -lm -gstabs+ -L$QNX_TARGET/x86/usr/lib -L$QNX_TARGET/x86/lib

...failed qcc.link bin.v2/libs/locale/build/qcc/debug/architecture-x86/target-os-qnxnto/has_iconv...
...failed updating 1 target...
...found 2 targets...
...found 5 targets...
...found 9 targets...
...found 47 targets...
