###
### Using 'gcc' toolset.
###
rm -rf bootstrap
mkdir bootstrap
gcc -o bootstrap/jam0 command.c compile.c debug.c expand.c glob.c hash.c hdrmacro.c headers.c jam.c jambase.c jamgram.c lists.c make.c make1.c newstr.c option.c output.c parse.c pathunix.c pathvms.c regexp.c rules.c scan.c search.c subst.c timestamp.c variable.c modules.c strings.c filesys.c builtins.c pwd.c class.c native.c md5.c w32_getreg.c modules/set.c modules/path.c modules/regex.c modules/property-set.c modules/sequence.c modules/order.c execunix.c fileunix.c
expand.c: In function ‘var_expand’:
expand.c:85: warning: field precision should have type ‘int’, but argument 2 has type ‘long int’
expand.c:85: warning: field precision should have type ‘int’, but argument 2 has type ‘long int’
./bootstrap/jam0 -f build.jam --toolset=gcc --toolset-root= clean
...found 1 target...
...updating 1 target...
...updated 1 target...
./bootstrap/jam0 -f build.jam --toolset=gcc --toolset-root=
...found 49 targets...
...updating 3 targets...
[MKDIR] bin.macosxx86_64
[COMPILE] bin.macosxx86_64/b2
compile.c:1016:13: warning: C++ style comments are not allowed in ISO C90
compile.c:1016:13: warning: (this will be reported only once per input file)
expand.c: In function ‘var_expand’:
expand.c:85: warning: field precision should have type ‘int’, but argument 2 has type ‘long int’
expand.c:85: warning: field precision should have type ‘int’, but argument 2 has type ‘long int’
rules.c:649:9: warning: C++ style comments are not allowed in ISO C90
rules.c:649:9: warning: (this will be reported only once per input file)
strings.c:70:9: warning: C++ style comments are not allowed in ISO C90
strings.c:70:9: warning: (this will be reported only once per input file)
ld: warning: option -s is obsolete and being ignored
[COPY] bin.macosxx86_64/bjam
...updated 3 targets...
